<?xml version="1.0" encoding="UTF-8"?>
<!-- Generated by org.testng.reporters.JUnitXMLReporter -->
<testsuite ignored="0" hostname="LAPTOP-4NMHDRLO" failures="1" tests="1" name="Test1" time="0.009" errors="0" timestamp="2022-10-09T16:20:34 IST">
  <testcase classname="CrossBrowserTesting.Test2" name="LoginTest" time="0.0">
    <failure type="org.testng.TestNGException" message="
Parameter &amp;apos;Browsername&amp;apos; is required by @Test on method LoginTest but has not been marked @Optional or defined
in C:\Users\pandh\eclipse-workspace\Shivkumar_Batch\cross.xml">
      <![CDATA[org.testng.TestNGException: 
Parameter 'Browsername' is required by @Test on method LoginTest but has not been marked @Optional or defined
in C:\Users\pandh\eclipse-workspace\Shivkumar_Batch\cross.xml
at java.base/java.util.ArrayList.forEach(ArrayList.java:1511)
... Removed 26 stack frames]]>
    </failure>
  </testcase> <!-- LoginTest -->
</testsuite> <!-- Test1 -->
