<?xml version="1.0" encoding="UTF-8"?>
<!-- Generated by org.testng.reporters.JUnitReportReporter -->
<testsuite hostname="LAPTOP-4NMHDRLO" failures="0" tests="13" name="TestNG_Keywords.invocationCount_Keyword" time="22.491" errors="1" timestamp="2022-10-06T16:51:45 IST" skipped="9">
  <testcase classname="TestNG_Keywords.invocationCount_Keyword" name="KiteLoginPageLogo" time="6.658"/>
  <system-out/>
  <testcase classname="TestNG_Keywords.invocationCount_Keyword" name="KiteLoginPageLogo" time="6.518">
    <skipped/>
  </testcase> <!-- KiteLoginPageLogo -->
  <system-out/>
  <testcase classname="TestNG_Keywords.invocationCount_Keyword" name="KiteLoginPageTitle" time="5.941">
    <skipped/>
  </testcase> <!-- KiteLoginPageTitle -->
  <system-out/>
  <testcase classname="TestNG_Keywords.invocationCount_Keyword" name="KiteLoginPageLogo" time="0.000">
    <skipped/>
  </testcase> <!-- KiteLoginPageLogo -->
  <system-out/>
  <testcase classname="TestNG_Keywords.invocationCount_Keyword" name="KiteLoginPageLogo" time="0.000">
    <skipped/>
  </testcase> <!-- KiteLoginPageLogo -->
  <system-out/>
  <testcase classname="TestNG_Keywords.invocationCount_Keyword" name="KiteLoginPageLogo" time="0.000">
    <skipped/>
  </testcase> <!-- KiteLoginPageLogo -->
  <system-out/>
  <testcase classname="TestNG_Keywords.invocationCount_Keyword" name="KiteLoginPageLogo" time="0.000">
    <skipped/>
  </testcase> <!-- KiteLoginPageLogo -->
  <system-out/>
  <testcase classname="TestNG_Keywords.invocationCount_Keyword" name="Setup" time="3.212">
    <error message="unknown error: cannot determine loading status
from disconnected: received Inspector.detached event
  (Session info: chrome=106.0.5249.91)
Build info: version: &#039;4.4.0&#039;, revision: &#039;e5c75ed026a&#039;
System info: host: &#039;LAPTOP-4NMHDRLO&#039;, ip: &#039;192.168.3.210&#039;, os.name: &#039;Windows 10&#039;, os.arch: &#039;amd64&#039;, os.version: &#039;10.0&#039;, java.version: &#039;18.0.1.1&#039;
Driver info: org.openqa.selenium.chrome.ChromeDriver
Command: [e8385d9b4e1f45b3d561a25bb47daa28, get {url=https://kite.zerodha.com/}]
Capabilities {acceptInsecureCerts: false, browserName: chrome, browserVersion: 106.0.5249.91, chrome: {chromedriverVersion: 105.0.5195.52 (412c95e51883..., userDataDir: C:\Users\pandh\AppData\Loca...}, goog:chromeOptions: {debuggerAddress: localhost:57278}, networkConnectionEnabled: false, pageLoadStrategy: normal, platformName: WINDOWS, proxy: Proxy(), se:cdp: ws://localhost:57278/devtoo..., se:cdpVersion: 106.0.5249.91, setWindowRect: true, strictFileInteractability: false, timeouts: {implicit: 0, pageLoad: 300000, script: 30000}, unhandledPromptBehavior: dismiss and notify, webauthn:extension:credBlob: true, webauthn:extension:largeBlob: true, webauthn:virtualAuthenticators: true}
Session ID: e8385d9b4e1f45b3d561a25bb47daa28" type="org.openqa.selenium.WebDriverException">
      <![CDATA[org.openqa.selenium.WebDriverException: unknown error: cannot determine loading status
from disconnected: received Inspector.detached event
  (Session info: chrome=106.0.5249.91)
Build info: version: '4.4.0', revision: 'e5c75ed026a'
System info: host: 'LAPTOP-4NMHDRLO', ip: '192.168.3.210', os.name: 'Windows 10', os.arch: 'amd64', os.version: '10.0', java.version: '18.0.1.1'
Driver info: org.openqa.selenium.chrome.ChromeDriver
Command: [e8385d9b4e1f45b3d561a25bb47daa28, get {url=https://kite.zerodha.com/}]
Capabilities {acceptInsecureCerts: false, browserName: chrome, browserVersion: 106.0.5249.91, chrome: {chromedriverVersion: 105.0.5195.52 (412c95e51883..., userDataDir: C:\Users\pandh\AppData\Loca...}, goog:chromeOptions: {debuggerAddress: localhost:57278}, networkConnectionEnabled: false, pageLoadStrategy: normal, platformName: WINDOWS, proxy: Proxy(), se:cdp: ws://localhost:57278/devtoo..., se:cdpVersion: 106.0.5249.91, setWindowRect: true, strictFileInteractability: false, timeouts: {implicit: 0, pageLoad: 300000, script: 30000}, unhandledPromptBehavior: dismiss and notify, webauthn:extension:credBlob: true, webauthn:extension:largeBlob: true, webauthn:virtualAuthenticators: true}
Session ID: e8385d9b4e1f45b3d561a25bb47daa28
at java.base/jdk.internal.reflect.DirectConstructorHandleAccessor.newInstance(DirectConstructorHandleAccessor.java:67)
at java.base/java.lang.reflect.Constructor.newInstanceWithCaller(Constructor.java:499)
at java.base/java.lang.reflect.Constructor.newInstance(Constructor.java:483)
at org.openqa.selenium.remote.codec.w3c.W3CHttpResponseCodec.createException(W3CHttpResponseCodec.java:200)
at org.openqa.selenium.remote.codec.w3c.W3CHttpResponseCodec.decode(W3CHttpResponseCodec.java:133)
at org.openqa.selenium.remote.codec.w3c.W3CHttpResponseCodec.decode(W3CHttpResponseCodec.java:53)
at org.openqa.selenium.remote.HttpCommandExecutor.execute(HttpCommandExecutor.java:184)
at org.openqa.selenium.remote.service.DriverCommandExecutor.invokeExecute(DriverCommandExecutor.java:167)
at org.openqa.selenium.remote.service.DriverCommandExecutor.execute(DriverCommandExecutor.java:142)
at org.openqa.selenium.remote.RemoteWebDriver.execute(RemoteWebDriver.java:547)
at org.openqa.selenium.remote.RemoteWebDriver.get(RemoteWebDriver.java:310)
at TestNG_Keywords.invocationCount_Keyword.Setup(invocationCount_Keyword.java:21)
at java.base/jdk.internal.reflect.DirectMethodHandleAccessor.invoke(DirectMethodHandleAccessor.java:104)
at java.base/java.lang.reflect.Method.invoke(Method.java:577)
at org.testng.internal.MethodInvocationHelper.invokeMethod(MethodInvocationHelper.java:133)
at org.testng.internal.MethodInvocationHelper.invokeMethodConsideringTimeout(MethodInvocationHelper.java:62)
at org.testng.internal.ConfigInvoker.invokeConfigurationMethod(ConfigInvoker.java:385)
at org.testng.internal.ConfigInvoker.invokeConfigurations(ConfigInvoker.java:321)
at org.testng.internal.TestInvoker.runConfigMethods(TestInvoker.java:700)
at org.testng.internal.TestInvoker.invokeMethod(TestInvoker.java:527)
at org.testng.internal.TestInvoker.invokeTestMethod(TestInvoker.java:173)
at org.testng.internal.MethodRunner.runInSequence(MethodRunner.java:46)
at org.testng.internal.TestInvoker$MethodInvocationAgent.invoke(TestInvoker.java:824)
at org.testng.internal.TestInvoker.invokeTestMethods(TestInvoker.java:146)
at org.testng.internal.TestMethodWorker.invokeTestMethods(TestMethodWorker.java:146)
at org.testng.internal.TestMethodWorker.run(TestMethodWorker.java:128)
at java.base/java.util.ArrayList.forEach(ArrayList.java:1511)
at org.testng.TestRunner.privateRun(TestRunner.java:794)
at org.testng.TestRunner.run(TestRunner.java:596)
at org.testng.SuiteRunner.runTest(SuiteRunner.java:377)
at org.testng.SuiteRunner.runSequentially(SuiteRunner.java:371)
at org.testng.SuiteRunner.privateRun(SuiteRunner.java:332)
at org.testng.SuiteRunner.run(SuiteRunner.java:276)
at org.testng.SuiteRunnerWorker.runSuite(SuiteRunnerWorker.java:53)
at org.testng.SuiteRunnerWorker.run(SuiteRunnerWorker.java:96)
at org.testng.TestNG.runSuitesSequentially(TestNG.java:1212)
at org.testng.TestNG.runSuitesLocally(TestNG.java:1134)
at org.testng.TestNG.runSuites(TestNG.java:1063)
at org.testng.TestNG.run(TestNG.java:1031)
at org.testng.remote.AbstractRemoteTestNG.run(AbstractRemoteTestNG.java:115)
at org.testng.remote.RemoteTestNG.initAndRun(RemoteTestNG.java:251)
at org.testng.remote.RemoteTestNG.main(RemoteTestNG.java:77)
]]>
    </error>
  </testcase> <!-- Setup -->
  <system-out/>
  <testcase classname="TestNG_Keywords.invocationCount_Keyword" name="KiteLoginPageLogo" time="0.000">
    <skipped/>
  </testcase> <!-- KiteLoginPageLogo -->
  <system-out/>
  <testcase classname="TestNG_Keywords.invocationCount_Keyword" name="KiteLoginPageLink" time="0.062"/>
  <system-out/>
  <testcase classname="TestNG_Keywords.invocationCount_Keyword" name="KiteLoginPageLogo" time="0.000">
    <skipped/>
  </testcase> <!-- KiteLoginPageLogo -->
  <system-out/>
  <testcase classname="TestNG_Keywords.invocationCount_Keyword" name="KiteLoginPageLogo" time="0.000">
    <skipped/>
  </testcase> <!-- KiteLoginPageLogo -->
  <system-out/>
  <testcase classname="TestNG_Keywords.invocationCount_Keyword" name="KiteLoginPageLogo" time="0.100"/>
  <system-out/>
</testsuite> <!-- TestNG_Keywords.invocationCount_Keyword -->
